Time step 12 ======================
	Stimulus:          [0, 0, 0, 0, 0, 0, 1]
	remember_decision: [-0. -0. -0. -0. -0. -0. -0.]
	self.memory        [-0. -0. -0. -0. -0. -0. -0.]
	forget_decision:   [-0. -0. -0. -0. -0. -0. -0.]
	self.memory        [-0. -0. -0. -0. -0. -0. -0.]
	tanh(self.memory)  [-0. -0. -0. -0. -0. -0. -0.]
	recall_decision:   [-0. -0. -0. -0. -0. -0. -0.]
Cell weights ======================
Wi:    [[-1231.29 -2389.99     1.23     1.14 -1821.92 -1248.54 -1234.22]
Wm:    [[-1232.06 -2391.83    -0.95     1.5  -1824.05 -1248.48 -1234.49]
Wf:    [[-1232.01 -2390.48     0.55    -0.17 -1821.68 -1249.34 -1235.02]
Wr:    [[-1231.16 -2392.09     0.38    -0.99 -1823.28 -1251.12 -1234.05]
Cell bias terms ======================
bi:    [-1233.25 -2391.49    -0.38    -0.8  -1821.89 -1250.25 -1235.22]
bm:    [-1231.54 -2392.8     -0.61    -1.72 -1822.43 -1249.25 -1233.76]
bf:    [-1231.82 -2392.92    -0.13    -1.02 -1822.83 -1249.45 -1235.2 ]
br:    [-1232.53 -2389.44    -1.09     0.95 -1822.23 -1250.95 -1234.78]
Prediction:  [1, 1, 1, 1, 1, 1, 1]
Actual:      [0, 0, 0, 0, 0, 0, 0]
Step Error:  1.0
Epoch error: 11.2857142857

[log is redacted beyond the first row of weight matrices]

At the same time, the overall activation of the cell was abnormally high, displaying all-1s: 

  Activation for [0, 0, 0, 0, 1, 0, 0]: [1, 1, 1, 1, 1, 1, 1]
  Activation for [1, 0, 0, 0, 0, 0, 0]: [1, 1, 1, 1, 1, 1, 1]
  Activation for [0, 0, 0, 0, 1, 0, 0]: [1, 1, 1, 1, 1, 1, 1]
  Activation for [0, 1, 0, 0, 0, 0, 0]: [1, 1, 1, 1, 1, 1, 1]
  Activation for [0, 1, 0, 0, 0, 0, 0]: [1, 1, 1, 1, 1, 1, 1]
  Activation for [0, 1, 0, 0, 0, 0, 0]: [1, 1, 1, 1, 1, 1, 1]
  Activation for [0, 1, 0, 0, 0, 0, 0]: [1, 1, 1, 1, 1, 1, 1]
  Activation for [0, 0, 0, 0, 0, 1, 0]: [1, 1, 1, 1, 1, 1, 1]
  Activation for [0, 0, 0, 0, 0, 1, 0]: [1, 1, 1, 1, 1, 1, 1]
  Activation for [0, 0, 0, 0, 0, 0, 1]: [1, 1, 1, 1, 1, 1, 1]
  Activation for [0, 0, 0, 0, 1, 0, 0]: [1, 1, 1, 1, 1, 1, 1]
  Activation for [0, 0, 0, 0, 0, 0, 1]: [1, 1, 1, 1, 1, 1, 1]
  Activation for [0, 0, 0, 0, 0, 0, 0]: [0, 0, 0, 1, 0, 0, 0]
